[10:33:17] 配置文件: D:\project\wifi-down\config.json
[10:33:17] 日志目录: D:\project\wifi-down\logs
[10:33:25] 正在触发 WiFi 扫描，请等待...
[10:33:30] 扫描完成，发现 11 个 WiFi 网络
[10:33:32] [API] GET findSpeedDevice 请求 URL: http://test.juhuoiot.com/bms-sim/check/device/findSpeedDevice
[10:33:32] [API] findSpeedDevice 响应 HTTP 200 body: {"code":"0","data":[{"sn":"56132044000038","wifiName":"JH-000020","wifiPassword":"12345678"},{"sn":"56132044000041","wifiName":"Jhwifi-000041","wifiPassword":"12345678"},{"sn":"56132044000042","wifiName":"TEST_7","wifiPassword":"PWD_7"},{"sn":"56132045000001","wifiName":"JHKJ_5G","wifiPassword":"jhkj2026"},{"sn":"56132044000076","wifiName":"JHKJ_2.4G","wifiPassword":"jhkj2026"},{"sn":"56132044000075","wifiName":"JH-1911_5G","wifiPassword":"jhkj2026"},{"sn":"56132044000074","wifiName":"0","wifiPassword":"12345678"}],"msg":"操作成功"}
[10:33:32] 获取到 7 个待测速设备
[10:33:33] ===== 单设备跑量: 56132044000038 =====
[10:33:33] 正在扫描 WiFi 网络...
[10:33:38] 扫描到 12 个网络
[10:33:38] 未配置测速链接（config.json 中 testUrls 为空或无效），无法跑量
[10:33:38] 上报结果: 56132044000038, 流量=0MB, 状态=失败, remark=未配置测速链接（config.json 中 testUrls 为空或无效）
[10:33:38] [API] POST uploadSpeedRecord 请求 URL: http://test.juhuoiot.com/bms-sim/check/device/speed/record/uploadSpeedRecord
[10:33:38] [API] POST uploadSpeedRecord 表单参数: {"sn":"56132044000038","wifiName":"JH-000020","wifiPassword":"***","useFlow":0,"status":0,"speedStartTime":"2026-03-30 10:33:38","speedEndTime":"2026-03-30 10:33:38","remark":"未配置测速链接（config.json 中 testUrls 为空或无效）"}
[10:33:38] [API] uploadSpeedRecord 响应 HTTP 200 body: {"code":"0","data":null,"msg":"操作成功"}
[10:33:38] 上报成功: 56132044000038
[10:33:38] ===== 单设备跑量完成 =====
[10:33:39] [备用] 当前已连接「JHKJ_5G」，无需切换
[10:35:42] 配置文件: D:\project\wifi-down\config.json
[10:35:42] 日志目录: D:\project\wifi-down\logs
[10:35:46] [API] GET findSpeedDevice 请求 URL: http://test.juhuoiot.com/bms-sim/check/device/findSpeedDevice
[10:35:47] [API] findSpeedDevice 响应 HTTP 200 body: {"code":"0","data":[{"sn":"56132044000038","wifiName":"JH-000020","wifiPassword":"12345678"},{"sn":"56132044000041","wifiName":"Jhwifi-000041","wifiPassword":"12345678"},{"sn":"56132044000042","wifiName":"TEST_7","wifiPassword":"PWD_7"},{"sn":"56132045000001","wifiName":"JHKJ_5G","wifiPassword":"jhkj2026"},{"sn":"56132044000076","wifiName":"JHKJ_2.4G","wifiPassword":"jhkj2026"},{"sn":"56132044000075","wifiName":"JH-1911_5G","wifiPassword":"jhkj2026"},{"sn":"56132044000074","wifiName":"0","wifiPassword":"12345678"}],"msg":"操作成功"}
[10:35:47] 获取到 7 个待测速设备
[10:35:47] 正在触发 WiFi 扫描，请等待...
[10:35:50] ===== 单设备跑量: 56132044000038 =====
[10:35:50] 正在扫描 WiFi 网络...
[10:35:52] 扫描完成，发现 9 个 WiFi 网络
[10:35:55] 扫描到 12 个网络
[10:35:55] --- 处理设备: 56132044000038 (JH-000020) ---
[10:35:55] 未找到 WiFi "JH-000020"，重试扫描 (1/3)...
[10:36:03] 未找到 WiFi "JH-000020"，重试扫描 (2/3)...
[10:36:10] 未找到 WiFi "JH-000020"，重试扫描 (3/3)...
[10:36:17] WiFi "JH-000020" 未发现，标记为失败
[10:36:17] 上报结果: 56132044000038, 流量=0MB, 状态=失败, remark=未扫描到 WiFi「JH-000020」
[10:36:17] [API] POST uploadSpeedRecord 请求 URL: http://test.juhuoiot.com/bms-sim/check/device/speed/record/uploadSpeedRecord
[10:36:17] [API] POST uploadSpeedRecord 表单参数: {"sn":"56132044000038","wifiName":"JH-000020","wifiPassword":"***","useFlow":0,"status":0,"speedStartTime":"2026-03-30 10:36:17","speedEndTime":"2026-03-30 10:36:17","remark":"未扫描到 WiFi「JH-000020」"}
[10:36:17] [API] uploadSpeedRecord 响应 HTTP 200 body: {"code":"0","data":null,"msg":"操作成功"}
[10:36:17] 上报成功: 56132044000038
[10:36:17] ===== 单设备跑量完成 =====
[10:36:17] [备用] 当前已连接「JHKJ_5G」，无需切换
[10:39:36] 配置文件: D:\project\wifi-down\config.json
[10:39:36] 日志目录: D:\project\wifi-down\logs
[10:39:42] [API] GET findSpeedDevice 请求 URL: http://test.juhuoiot.com/bms-sim/check/device/findSpeedDevice
[10:39:42] [API] findSpeedDevice 响应 HTTP 200 body: {"code":"0","data":[{"sn":"56132044000038","wifiName":"JH-000020","wifiPassword":"12345678"},{"sn":"56132044000041","wifiName":"Jhwifi-000041","wifiPassword":"12345678"},{"sn":"56132044000042","wifiName":"TEST_7","wifiPassword":"PWD_7"},{"sn":"56132045000001","wifiName":"JHKJ_5G","wifiPassword":"jhkj2026"},{"sn":"56132044000076","wifiName":"JHKJ_2.4G","wifiPassword":"jhkj2026"},{"sn":"56132044000075","wifiName":"JH-1911_5G","wifiPassword":"jhkj2026"},{"sn":"56132044000074","wifiName":"0","wifiPassword":"12345678"}],"msg":"操作成功"}
[10:39:42] 获取到 7 个待测速设备
[10:39:44] ===== 单设备跑量: 56132044000038 =====
[10:39:44] 正在扫描 WiFi 网络...
[10:39:49] 扫描到 10 个网络
[10:39:49] --- 处理设备: 56132044000038 (JH-000020) ---
[10:39:49] 未找到 WiFi "JH-000020"，重试扫描 (1/3)...
[10:39:56] 未找到 WiFi "JH-000020"，重试扫描 (2/3)...
[10:40:03] 未找到 WiFi "JH-000020"，重试扫描 (3/3)...
[10:40:10] WiFi "JH-000020" 未发现，标记为失败
[10:40:10] 上报结果: 56132044000038, 流量=0MB, 状态=失败, remark=未扫描到 WiFi「JH-000020」
[10:40:10] [API] POST uploadSpeedRecord 请求 URL: http://test.juhuoiot.com/bms-sim/check/device/speed/record/uploadSpeedRecord
[10:40:10] [API] POST uploadSpeedRecord 表单参数: {"sn":"56132044000038","wifiName":"JH-000020","wifiPassword":"***","useFlow":0,"status":0,"speedStartTime":"2026-03-30 10:40:10","speedEndTime":"2026-03-30 10:40:10","remark":"未扫描到 WiFi「JH-000020」"}
[10:40:10] [API] uploadSpeedRecord 响应 HTTP 200 body: {"code":"0","data":null,"msg":"操作成功"}
[10:40:10] 上报成功: 56132044000038
[10:40:10] ===== 单设备跑量完成 =====
[10:40:10] [备用] 当前已连接「JHKJ_5G」，无需切换
[10:40:10] ===== 单设备跑量: 56132044000041 =====
[10:40:10] 正在扫描 WiFi 网络...
[10:40:16] 扫描到 15 个网络
[10:40:16] --- 处理设备: 56132044000041 (Jhwifi-000041) ---
[10:40:16] 未找到 WiFi "Jhwifi-000041"，重试扫描 (1/3)...
[10:40:23] 未找到 WiFi "Jhwifi-000041"，重试扫描 (2/3)...
[10:40:30] 未找到 WiFi "Jhwifi-000041"，重试扫描 (3/3)...
[10:40:37] WiFi "Jhwifi-000041" 未发现，标记为失败
[10:40:37] 上报结果: 56132044000041, 流量=0MB, 状态=失败, remark=未扫描到 WiFi「Jhwifi-000041」
[10:40:37] [API] POST uploadSpeedRecord 请求 URL: http://test.juhuoiot.com/bms-sim/check/device/speed/record/uploadSpeedRecord
[10:40:37] [API] POST uploadSpeedRecord 表单参数: {"sn":"56132044000041","wifiName":"Jhwifi-000041","wifiPassword":"***","useFlow":0,"status":0,"speedStartTime":"2026-03-30 10:40:37","speedEndTime":"2026-03-30 10:40:37","remark":"未扫描到 WiFi「Jhwifi-000041」"}
[10:40:37] [API] uploadSpeedRecord 响应 HTTP 200 body: {"code":"0","data":null,"msg":"操作成功"}
[10:40:37] 上报成功: 56132044000041
[10:40:37] ===== 单设备跑量完成 =====
[10:40:37] [备用] 当前已连接「JHKJ_5G」，无需切换
[10:40:37] ===== 单设备跑量: 56132044000042 =====
[10:40:37] 正在扫描 WiFi 网络...
[10:40:42] 扫描到 14 个网络
[10:40:42] --- 处理设备: 56132044000042 (TEST_7) ---
[10:40:42] 未找到 WiFi "TEST_7"，重试扫描 (1/3)...
[10:40:49] 未找到 WiFi "TEST_7"，重试扫描 (2/3)...
[10:40:56] 未找到 WiFi "TEST_7"，重试扫描 (3/3)...
[10:41:03] WiFi "TEST_7" 未发现，标记为失败
[10:41:03] 上报结果: 56132044000042, 流量=0MB, 状态=失败, remark=未扫描到 WiFi「TEST_7」
[10:41:03] [API] POST uploadSpeedRecord 请求 URL: http://test.juhuoiot.com/bms-sim/check/device/speed/record/uploadSpeedRecord
[10:41:03] [API] POST uploadSpeedRecord 表单参数: {"sn":"56132044000042","wifiName":"TEST_7","wifiPassword":"***","useFlow":0,"status":0,"speedStartTime":"2026-03-30 10:41:03","speedEndTime":"2026-03-30 10:41:03","remark":"未扫描到 WiFi「TEST_7」"}
[10:41:03] [API] uploadSpeedRecord 响应 HTTP 200 body: {"code":"0","data":null,"msg":"操作成功"}
[10:41:03] 上报成功: 56132044000042
[10:41:03] ===== 单设备跑量完成 =====
[10:41:04] [备用] 当前已连接「JHKJ_5G」，无需切换
[10:41:15] ===== 单设备跑量: 56132044000038 =====
[10:41:15] 正在扫描 WiFi 网络...
[10:41:20] 扫描到 14 个网络
[10:41:20] --- 处理设备: 56132044000038 (JH-000020) ---
[10:41:20] 未找到 WiFi "JH-000020"，重试扫描 (1/3)...
[10:41:26] 任务已停止
[10:41:27] 未找到 WiFi "JH-000020"，重试扫描 (2/3)...
[10:41:34] 未找到 WiFi "JH-000020"，重试扫描 (3/3)...
[10:41:41] WiFi "JH-000020" 未发现，标记为失败
[10:41:41] 上报结果: 56132044000038, 流量=0MB, 状态=失败, remark=未扫描到 WiFi「JH-000020」
[10:41:41] [API] POST uploadSpeedRecord 请求 URL: http://test.juhuoiot.com/bms-sim/check/device/speed/record/uploadSpeedRecord
[10:41:41] [API] POST uploadSpeedRecord 表单参数: {"sn":"56132044000038","wifiName":"JH-000020","wifiPassword":"***","useFlow":0,"status":0,"speedStartTime":"2026-03-30 10:41:41","speedEndTime":"2026-03-30 10:41:41","remark":"未扫描到 WiFi「JH-000020」"}
[10:41:41] [API] uploadSpeedRecord 响应 HTTP 200 body: {"code":"0","data":null,"msg":"操作成功"}
[10:41:41] 上报成功: 56132044000038
[10:41:41] ===== 单设备跑量完成 =====
[10:41:42] [备用] 当前已连接「JHKJ_5G」，无需切换
[10:41:46] [API] GET findSpeedDevice 请求 URL: http://test.juhuoiot.com/bms-sim/check/device/findSpeedDevice
[10:41:46] [API] findSpeedDevice 响应 HTTP 200 body: {"code":"0","data":[{"sn":"56132044000038","wifiName":"JH-000020","wifiPassword":"12345678"},{"sn":"56132044000041","wifiName":"Jhwifi-000041","wifiPassword":"12345678"},{"sn":"56132044000042","wifiName":"TEST_7","wifiPassword":"PWD_7"},{"sn":"56132045000001","wifiName":"JHKJ_5G","wifiPassword":"jhkj2026"},{"sn":"56132044000076","wifiName":"JHKJ_2.4G","wifiPassword":"jhkj2026"},{"sn":"56132044000075","wifiName":"JH-1911_5G","wifiPassword":"jhkj2026"},{"sn":"56132044000074","wifiName":"0","wifiPassword":"12345678"}],"msg":"操作成功"}
[10:41:46] 获取到 7 个待测速设备
[10:43:59] 配置文件: D:\project\wifi-down\config.json
[10:43:59] 日志目录: D:\project\wifi-down\logs
[10:44:05] [API] GET findSpeedDevice 请求 URL: http://test.juhuoiot.com/bms-sim/check/device/findSpeedDevice
[10:44:05] [API] findSpeedDevice 响应 HTTP 200 body: {"code":"0","data":[{"sn":"56132044000038","wifiName":"JH-000020","wifiPassword":"12345678"},{"sn":"56132044000041","wifiName":"Jhwifi-000041","wifiPassword":"12345678"},{"sn":"56132044000042","wifiName":"TEST_7","wifiPassword":"PWD_7"},{"sn":"56132045000001","wifiName":"JHKJ_5G","wifiPassword":"jhkj2026"},{"sn":"56132044000076","wifiName":"JHKJ_2.4G","wifiPassword":"jhkj2026"},{"sn":"56132044000075","wifiName":"JH-1911_5G","wifiPassword":"jhkj2026"},{"sn":"56132044000074","wifiName":"0","wifiPassword":"12345678"}],"msg":"操作成功"}
[10:44:05] 获取到 7 个待测速设备
[10:44:05] 正在触发 WiFi 扫描，请等待...
[10:44:09] ===== 单设备跑量: 56132044000038 =====
[10:44:09] 正在扫描 WiFi 网络...
[10:44:10] 扫描完成，发现 9 个 WiFi 网络
[10:44:14] 扫描到 14 个网络
[10:44:14] --- 处理设备: 56132044000038 (JH-000020) ---
[10:44:14] 未找到 WiFi "JH-000020"，重试扫描 (1/3)...
[10:44:21] 未找到 WiFi "JH-000020"，重试扫描 (2/3)...
[10:44:28] 未找到 WiFi "JH-000020"，重试扫描 (3/3)...
[10:44:35] WiFi "JH-000020" 未发现，标记为失败
[10:44:35] 上报结果: 56132044000038, 流量=0MB, 状态=失败, remark=未扫描到 WiFi「JH-000020」
[10:44:35] [API] POST uploadSpeedRecord 请求 URL: http://test.juhuoiot.com/bms-sim/check/device/speed/record/uploadSpeedRecord
[10:44:35] [API] POST uploadSpeedRecord 表单参数: {"sn":"56132044000038","wifiName":"JH-000020","wifiPassword":"***","useFlow":0,"status":0,"speedStartTime":"2026-03-30 10:44:35","speedEndTime":"2026-03-30 10:44:35","remark":"未扫描到 WiFi「JH-000020」"}
[10:44:35] [API] uploadSpeedRecord 响应 HTTP 200 body: {"code":"0","data":null,"msg":"操作成功"}
[10:44:35] 上报成功: 56132044000038
[10:44:35] ===== 单设备跑量完成 =====
[10:44:36] [备用] 当前已连接「JHKJ_5G」，无需切换
[10:44:36] ===== 单设备跑量: 56132044000041 =====
[10:44:36] 正在扫描 WiFi 网络...
[10:44:41] 扫描到 14 个网络
[10:44:41] --- 处理设备: 56132044000041 (Jhwifi-000041) ---
[10:44:41] 未找到 WiFi "Jhwifi-000041"，重试扫描 (1/3)...
[10:44:48] 未找到 WiFi "Jhwifi-000041"，重试扫描 (2/3)...
[10:44:49] 任务已停止
[10:44:55] 未找到 WiFi "Jhwifi-000041"，重试扫描 (3/3)...
[10:45:02] WiFi "Jhwifi-000041" 未发现，标记为失败
[10:45:02] 上报结果: 56132044000041, 流量=0MB, 状态=失败, remark=未扫描到 WiFi「Jhwifi-000041」
[10:45:02] [API] POST uploadSpeedRecord 请求 URL: http://test.juhuoiot.com/bms-sim/check/device/speed/record/uploadSpeedRecord
[10:45:02] [API] POST uploadSpeedRecord 表单参数: {"sn":"56132044000041","wifiName":"Jhwifi-000041","wifiPassword":"***","useFlow":0,"status":0,"speedStartTime":"2026-03-30 10:45:02","speedEndTime":"2026-03-30 10:45:02","remark":"未扫描到 WiFi「Jhwifi-000041」"}
[10:45:02] [API] uploadSpeedRecord 响应 HTTP 200 body: {"code":"0","data":null,"msg":"操作成功"}
[10:45:02] 上报成功: 56132044000041
[10:45:02] ===== 单设备跑量完成 =====
[10:45:02] [备用] 当前已连接「JHKJ_5G」，无需切换
[10:45:09] ===== 单设备跑量: 56132045000001 =====
[10:45:09] 正在扫描 WiFi 网络...
[10:45:14] 扫描到 12 个网络
[10:45:14] --- 处理设备: 56132045000001 (JHKJ_5G) ---
[10:45:14] WiFi "JHKJ_5G" 已匹配，信号: 82%
[10:45:14] 正在连接 WiFi "JHKJ_5G"...
[10:45:17] 已确认当前 WiFi 为「JHKJ_5G」
[10:45:17] 开始跑流量，目标约 115 MB...
[10:45:17] [下载] 当前链接: https://down.sandai.net/mac/thunder_5.80.5.66632.dmg
[10:45:22] [下载] 当前链接: https://xmp.down.sandai.net/xmp/XMPSetup6.2.6.622xmpdl.exe
[10:45:25] 跑量完成: 135.37 MB
[10:45:25] 上报结果: 56132045000001, 流量=135MB, 状态=成功
[10:45:25] [API] POST uploadSpeedRecord 请求 URL: http://test.juhuoiot.com/bms-sim/check/device/speed/record/uploadSpeedRecord
[10:45:25] [API] POST uploadSpeedRecord 表单参数: {"sn":"56132045000001","wifiName":"JHKJ_5G","wifiPassword":"***","useFlow":135,"status":1,"speedStartTime":"2026-03-30 10:45:17","speedEndTime":"2026-03-30 10:45:25","remark":""}
[10:45:25] [API] uploadSpeedRecord 响应 HTTP 200 body: {"code":"0","data":null,"msg":"操作成功"}
[10:45:25] 上报成功: 56132045000001
[10:45:25] 断开 WiFi "JHKJ_5G"...
[10:45:26] --- 设备 56132045000001 处理完毕 ---
[10:45:26] ===== 单设备跑量完成 =====
[10:45:26] [备用] 任务结束，正在连接备用 WiFi「JHKJ_5G」...
[10:45:29] [备用] 已确认当前 WiFi 为「JHKJ_5G」
[10:45:29] [备用] 已切回备用 WiFi，可正常使用网络
[10:45:38] [API] GET findSpeedDevice 请求 URL: http://test.juhuoiot.com/bms-sim/check/device/findSpeedDevice
[10:45:38] [API] findSpeedDevice 响应 HTTP 200 body: {"code":"0","data":[{"sn":"56132044000038","wifiName":"JH-000020","wifiPassword":"12345678"},{"sn":"56132044000041","wifiName":"Jhwifi-000041","wifiPassword":"12345678"},{"sn":"56132044000042","wifiName":"TEST_7","wifiPassword":"PWD_7"},{"sn":"56132044000076","wifiName":"JHKJ_2.4G","wifiPassword":"jhkj2026"},{"sn":"56132044000075","wifiName":"JH-1911_5G","wifiPassword":"jhkj2026"},{"sn":"56132044000074","wifiName":"0","wifiPassword":"12345678"}],"msg":"操作成功"}
[10:45:38] 获取到 6 个待测速设备
[10:46:34] [API] GET findSpeedDevice 请求 URL: http://test.juhuoiot.com/bms-sim/check/device/findSpeedDevice
[10:46:34] [API] findSpeedDevice 响应 HTTP 200 body: {"code":"0","data":[{"sn":"56132044000038","wifiName":"JH-000020","wifiPassword":"12345678"},{"sn":"56132044000041","wifiName":"Jhwifi-000041","wifiPassword":"12345678"},{"sn":"56132044000042","wifiName":"TEST_7","wifiPassword":"PWD_7"},{"sn":"56132044000076","wifiName":"JHKJ_2.4G","wifiPassword":"jhkj2026"},{"sn":"56132044000075","wifiName":"JH-1911_5G","wifiPassword":"jhkj2026"},{"sn":"56132044000074","wifiName":"0","wifiPassword":"12345678"}],"msg":"操作成功"}
[10:46:34] 获取到 6 个待测速设备
[10:46:34] 正在触发 WiFi 扫描，请等待...
[10:46:37] ===== 单设备跑量: 56132044000076 =====
[10:46:37] 正在扫描 WiFi 网络...
[10:46:40] 扫描完成，发现 9 个 WiFi 网络
[10:46:42] 扫描到 12 个网络
[10:46:42] --- 处理设备: 56132044000076 (JHKJ_2.4G) ---
[10:46:42] WiFi "JHKJ_2.4G" 已匹配，信号: 90%
[10:46:42] 正在连接 WiFi "JHKJ_2.4G"...
[10:46:45] 已确认当前 WiFi 为「JHKJ_2.4G」
[10:46:45] 开始跑流量，目标约 181 MB...
[10:46:45] [下载] 当前链接: https://dldir1v6.qq.com/weixin/Universal/Windows/WeChatWin_4.1.8.exe
[10:47:21] 跑量完成: 143.77 MB
[10:47:21] 上报结果: 56132044000076, 流量=144MB, 状态=成功
[10:47:21] [API] POST uploadSpeedRecord 请求 URL: http://test.juhuoiot.com/bms-sim/check/device/speed/record/uploadSpeedRecord
[10:47:21] [API] POST uploadSpeedRecord 表单参数: {"sn":"56132044000076","wifiName":"JHKJ_2.4G","wifiPassword":"***","useFlow":144,"status":1,"speedStartTime":"2026-03-30 10:46:45","speedEndTime":"2026-03-30 10:47:21","remark":""}
[10:47:22] [API] uploadSpeedRecord 响应 HTTP 200 body: {"code":"0","data":null,"msg":"操作成功"}
[10:47:22] 上报成功: 56132044000076
[10:47:22] 断开 WiFi "JHKJ_2.4G"...
[10:47:23] --- 设备 56132044000076 处理完毕 ---
[10:47:23] ===== 单设备跑量完成 =====
[10:47:23] [备用] 任务结束，正在连接备用 WiFi「JHKJ_5G」...
[10:47:28] [备用] 已确认当前 WiFi 为「JHKJ_5G」
[10:47:28] [备用] 已切回备用 WiFi，可正常使用网络
[10:47:37] ===== 单设备跑量: 56132044000076 =====
[10:47:37] 正在扫描 WiFi 网络...
[10:47:43] 扫描到 12 个网络
[10:47:43] --- 处理设备: 56132044000076 (JHKJ_2.4G) ---
[10:47:43] WiFi "JHKJ_2.4G" 已匹配，信号: 89%
[10:47:43] 正在连接 WiFi "JHKJ_2.4G"...
[10:47:46] 已确认当前 WiFi 为「JHKJ_2.4G」
[10:47:46] 开始跑流量，目标约 173 MB...
[10:47:46] [下载] 当前链接: https://xmp.down.sandai.net/xmp/XMPSetup6.2.6.622xmpdl.exe
[10:48:16] [下载] 当前链接: https://dldir1v6.qq.com/weixin/Universal/Windows/WeChatWin_4.1.8.exe
[10:48:35] 跑量完成: 147.39 MB
[10:48:35] 上报结果: 56132044000076, 流量=147MB, 状态=成功
[10:48:35] [API] POST uploadSpeedRecord 请求 URL: http://test.juhuoiot.com/bms-sim/check/device/speed/record/uploadSpeedRecord
[10:48:35] [API] POST uploadSpeedRecord 表单参数: {"sn":"56132044000076","wifiName":"JHKJ_2.4G","wifiPassword":"***","useFlow":147,"status":1,"speedStartTime":"2026-03-30 10:47:46","speedEndTime":"2026-03-30 10:48:35","remark":""}
[10:48:35] [API] uploadSpeedRecord 响应 HTTP 200 body: {"code":"0","data":null,"msg":"操作成功"}
[10:48:35] 上报成功: 56132044000076
[10:48:35] 断开 WiFi "JHKJ_2.4G"...
[10:48:36] --- 设备 56132044000076 处理完毕 ---
[10:48:36] ===== 单设备跑量完成 =====
[10:48:36] [备用] 任务结束，正在连接备用 WiFi「JHKJ_5G」...
[10:48:41] [备用] 已确认当前 WiFi 为「JHKJ_5G」
[10:48:41] [备用] 已切回备用 WiFi，可正常使用网络
[10:48:48] [API] GET findSpeedDevice 请求 URL: http://test.juhuoiot.com/bms-sim/check/device/findSpeedDevice
[10:48:48] [API] findSpeedDevice 响应 HTTP 200 body: {"code":"0","data":[{"sn":"56132044000038","wifiName":"JH-000020","wifiPassword":"12345678"},{"sn":"56132044000041","wifiName":"Jhwifi-000041","wifiPassword":"12345678"},{"sn":"56132044000042","wifiName":"TEST_7","wifiPassword":"PWD_7"},{"sn":"56132044000075","wifiName":"JH-1911_5G","wifiPassword":"jhkj2026"},{"sn":"56132044000074","wifiName":"0","wifiPassword":"12345678"}],"msg":"操作成功"}
[10:48:48] 获取到 5 个待测速设备
[11:01:32] 配置文件: D:\project\wifi-down\config.json
[11:01:32] 日志目录: D:\project\wifi-down\logs
[11:01:34] 正在触发 WiFi 扫描，请等待...
[11:01:36] [API] GET findSpeedDevice 请求 URL: http://test.juhuoiot.com/bms-sim/check/device/findSpeedDevice
[11:01:36] [API] findSpeedDevice 响应 HTTP 200 body: {"code":"0","data":[{"sn":"56132044000038","wifiName":"JH-000020","wifiPassword":"12345678"},{"sn":"56132044000041","wifiName":"Jhwifi-000041","wifiPassword":"12345678"},{"sn":"56132044000042","wifiName":"TEST_7","wifiPassword":"PWD_7"},{"sn":"56132045000001","wifiName":"JHKJ_5G","wifiPassword":"jhkj2026"},{"sn":"56132044000076","wifiName":"JHKJ_2.4G","wifiPassword":"jhkj2026"},{"sn":"56132044000075","wifiName":"JH-1911_5G","wifiPassword":"jhkj2026"},{"sn":"56132044000074","wifiName":"0","wifiPassword":"12345678"}],"msg":"操作成功"}
[11:01:36] 获取到 7 个待测速设备
[11:01:38] ===== 单设备跑量: 56132045000001 =====
[11:01:38] 正在扫描 WiFi 网络...
[11:01:40] 扫描完成，发现 10 个 WiFi 网络
[11:01:43] 扫描到 10 个网络
[11:01:43] --- 处理设备: 56132045000001 (JHKJ_5G) ---
[11:01:43] WiFi "JHKJ_5G" 已匹配，信号: 85%
[11:01:43] 正在连接 WiFi "JHKJ_5G"...
[11:01:46] 已确认当前 WiFi 为「JHKJ_5G」
[11:01:46] 开始跑流量，目标约 187 MB...
[11:01:46] [下载] 当前链接: https://dl.hdslb.com/mobile/fixed/bili_win/bili_win-install.exe
[11:01:48] 任务已停止
[11:01:48] 跑量完成: 14.36 MB
[11:01:48] 上报结果: 56132045000001, 流量=14MB, 状态=成功
[11:01:48] [API] POST uploadSpeedRecord 请求 URL: http://test.juhuoiot.com/bms-sim/check/device/speed/record/uploadSpeedRecord
[11:01:48] [API] POST uploadSpeedRecord 表单参数: {"sn":"56132045000001","wifiName":"JHKJ_5G","wifiPassword":"***","useFlow":14,"status":1,"speedStartTime":"2026-03-30 11:01:46","speedEndTime":"2026-03-30 11:01:48","remark":""}
[11:01:48] [API] uploadSpeedRecord 响应 HTTP 200 body: {"code":"0","data":null,"msg":"操作成功"}
[11:01:48] 上报成功: 56132045000001
[11:01:48] 断开 WiFi "JHKJ_5G"...
[11:01:49] --- 设备 56132045000001 处理完毕 ---
[11:01:49] ===== 单设备跑量完成 =====
[11:01:49] [备用] 任务结束，正在连接备用 WiFi「JHKJ_5G」...
[11:13:37] 配置文件: D:\project\wifi-down\config.json
[11:13:37] 日志目录: D:\project\wifi-down\logs
[11:13:45] [API] GET findSpeedDevice 请求 URL: http://test.juhuoiot.com/bms-sim/check/device/findSpeedDevice
[11:13:45] [API] findSpeedDevice 响应 HTTP 200 body: {"code":"0","data":[{"sn":"56132044000038","wifiName":"JH-000020","wifiPassword":"12345678"},{"sn":"56132044000041","wifiName":"Jhwifi-000041","wifiPassword":"12345678"},{"sn":"56132044000042","wifiName":"TEST_7","wifiPassword":"PWD_7"},{"sn":"56132044000074","wifiName":"0","wifiPassword":"12345678"}],"msg":"操作成功"}
[11:13:45] 获取到 4 个待测速设备
[11:13:46] 正在触发 WiFi 扫描，请等待...
[11:13:47] ===== 开始跑量任务 =====
[11:13:47] 正在获取设备列表...
[11:13:47] [API] GET findSpeedDevice 请求 URL: http://test.juhuoiot.com/bms-sim/check/device/findSpeedDevice
[11:13:47] [API] findSpeedDevice 响应 HTTP 200 body: {"code":"0","data":[{"sn":"56132044000038","wifiName":"JH-000020","wifiPassword":"12345678"},{"sn":"56132044000041","wifiName":"Jhwifi-000041","wifiPassword":"12345678"},{"sn":"56132044000042","wifiName":"TEST_7","wifiPassword":"PWD_7"},{"sn":"56132044000074","wifiName":"0","wifiPassword":"12345678"}],"msg":"操作成功"}
[11:13:47] 获取到 4 个设备
[11:13:47] 正在扫描 WiFi 网络...
[11:13:48] 任务已停止
[11:13:51] 扫描完成，发现 8 个 WiFi 网络
[11:13:52] 扫描到 8 个网络
[11:13:52] ===== 跑量任务完成 =====
[11:13:52] [备用] 任务结束，正在连接备用 WiFi「JHKJ_5G」...
[11:13:55] [备用] 已确认当前 WiFi 为「JHKJ_5G」
[11:13:55] [备用] 已切回备用 WiFi，可正常使用网络
[11:18:14] 配置文件: D:\project\wifi-down\config.json
[11:18:14] 日志目录: D:\project\wifi-down\logs
[11:18:30] ===== 开始跑量任务 =====
[11:18:30] 正在获取设备列表...
[11:18:30] [API] GET findSpeedDevice 请求 URL: http://test.juhuoiot.com/bms-sim/check/device/findSpeedDevice
[11:18:30] [API] findSpeedDevice 响应 HTTP 200 body: {"code":"0","data":[{"sn":"56132044000038","wifiName":"JH-000020","wifiPassword":"12345678"},{"sn":"56132044000041","wifiName":"Jhwifi-000041","wifiPassword":"12345678"},{"sn":"56132044000042","wifiName":"TEST_7","wifiPassword":"PWD_7"},{"sn":"56132044000074","wifiName":"0","wifiPassword":"12345678"}],"msg":"操作成功"}
[11:18:30] 获取到 4 个设备
[11:18:30] 正在扫描 WiFi 网络...
[11:18:31] 任务已停止
[11:18:35] ===== 单设备跑量: 56132044000038 =====
[11:18:35] 正在扫描 WiFi 网络...
[11:18:36] 扫描到 9 个网络
[11:18:36] --- 处理设备: 56132044000038 (JH-000020) ---
[11:18:36] 未找到 WiFi "JH-000020"，重试扫描 (1/3)...
[11:18:40] 扫描到 11 个网络
[11:18:40] --- 处理设备: 56132044000038 (JH-000020) ---
[11:18:40] 未找到 WiFi "JH-000020"，重试扫描 (1/3)...
[11:18:40] 任务已停止
[11:18:41] ===== 开始跑量任务 =====
[11:18:41] 正在获取设备列表...
[11:18:41] [API] GET findSpeedDevice 请求 URL: http://test.juhuoiot.com/bms-sim/check/device/findSpeedDevice
[11:18:41] [API] findSpeedDevice 响应 HTTP 200 body: {"code":"0","data":[{"sn":"56132044000038","wifiName":"JH-000020","wifiPassword":"12345678"},{"sn":"56132044000041","wifiName":"Jhwifi-000041","wifiPassword":"12345678"},{"sn":"56132044000042","wifiName":"TEST_7","wifiPassword":"PWD_7"},{"sn":"56132044000074","wifiName":"0","wifiPassword":"12345678"}],"msg":"操作成功"}
[11:18:41] 获取到 4 个设备
[11:18:41] 正在扫描 WiFi 网络...
[11:18:43] 未找到 WiFi "JH-000020"，重试扫描 (2/3)...
[11:18:43] 任务已停止
[11:18:45] [API] GET findSpeedDevice 请求 URL: http://test.juhuoiot.com/bms-sim/check/device/findSpeedDevice
[11:18:45] [API] findSpeedDevice 响应 HTTP 200 body: {"code":"0","data":[{"sn":"56132044000038","wifiName":"JH-000020","wifiPassword":"12345678"},{"sn":"56132044000041","wifiName":"Jhwifi-000041","wifiPassword":"12345678"},{"sn":"56132044000042","wifiName":"TEST_7","wifiPassword":"PWD_7"},{"sn":"56132044000074","wifiName":"0","wifiPassword":"12345678"}],"msg":"操作成功"}
[11:18:45] 获取到 4 个待测速设备
[11:18:46] 扫描到 14 个网络
[11:18:46] ===== 跑量任务完成 =====
[11:18:46] [备用] 当前已连接「JHKJ_5G」，无需切换
[11:19:59] 配置文件: D:\project\wifi-down\config.json
[11:19:59] 日志目录: D:\project\wifi-down\logs
